CS240: . cs240 Mon 07 Nov 2022 02:38:31 PM EST  Total:  0 of 95
CS240: . bowers79 Thu 10 Nov 2022 12:01:55 PM EST  Total:  0 of 95
CS240: . bowers79 Thu 10 Nov 2022 12:35:13 PM EST  Total:  0 of 95
CS240: . bowers79 Wed 16 Nov 2022 06:42:38 PM EST  Total:  5 of 95
CS240: . bowers79 Wed 16 Nov 2022 11:04:47 PM EST  Total:  5 of 95
CS240: . bowers79 Wed 16 Nov 2022 11:20:15 PM EST  Total:  5 of 95
CS240: . bowers79 Wed 16 Nov 2022 11:37:52 PM EST  Total:  5 of 95
CS240: . bowers79 Thu 17 Nov 2022 01:34:56 AM EST  Total:  5 of 95
CS240: . bowers79 Thu 17 Nov 2022 01:37:21 AM EST  Total:  5 of 95
CS240: . bowers79 Thu 17 Nov 2022 02:08:39 AM EST  Total:  15 of 95
CS240: . bowers79 Thu 17 Nov 2022 02:12:14 AM EST  Total:  15 of 95
CS240: . bowers79 Thu 17 Nov 2022 02:43:39 AM EST  Total:  15 of 95
CS240: . bowers79 Thu 17 Nov 2022 02:50:14 AM EST  Total:  15 of 95
CS240: . bowers79 Thu 17 Nov 2022 02:54:34 AM EST  Total:  15 of 95
CS240: . bowers79 Thu 17 Nov 2022 03:01:36 AM EST  Total:  20 of 95
CS240: . bowers79 Thu 17 Nov 2022 03:03:18 AM EST  Total:  20 of 95
CS240: . bowers79 Thu 17 Nov 2022 03:03:53 AM EST  Total:  20 of 95
CS240: . bowers79 Thu 17 Nov 2022 03:07:07 AM EST  Total:  20 of 95
CS240: . bowers79 Thu 17 Nov 2022 10:45:13 AM EST  Total:  30 of 95
CS240: . bowers79 Thu 17 Nov 2022 10:48:23 AM EST  Total:  30 of 95
CS240: . bowers79 Thu 17 Nov 2022 11:27:42 AM EST  Total:  15 of 95
CS240: . bowers79 Thu 17 Nov 2022 11:30:12 AM EST  Total:  30 of 95
CS240: . bowers79 Thu 17 Nov 2022 11:38:44 AM EST  Total:  30 of 95
CS240: . bowers79 Thu 17 Nov 2022 12:15:53 PM EST  Total:  30 of 95
CS240: . bowers79 Sat 26 Nov 2022 09:36:52 PM EST  Total:  30 of 95
CS240: . bowers79 Sat 26 Nov 2022 10:35:20 PM EST  Total:  30 of 95
CS240: . bowers79 Sun 27 Nov 2022 03:23:49 AM EST  Total:  45 of 95
CS240: . bowers79 Sun 27 Nov 2022 12:54:50 PM EST  Total:  45 of 95
CS240: . bowers79 Sun 27 Nov 2022 02:29:07 PM EST  Total:  45 of 95
CS240: . bowers79 Sun 27 Nov 2022 02:31:22 PM EST  Total:  55 of 95
CS240: . bowers79 Sun 27 Nov 2022 02:44:25 PM EST  Total:  55 of 95
CS240: . bowers79 Sun 27 Nov 2022 02:48:59 PM EST  Total:  60 of 95
CS240: . bowers79 Sun 27 Nov 2022 04:38:52 PM EST  Total:  60 of 95
CS240: . bowers79 Sun 27 Nov 2022 05:41:56 PM EST  Total:  65 of 95
CS240: . bowers79 Sun 27 Nov 2022 05:47:31 PM EST  Total:  75 of 95
CS240: . bowers79 Sun 27 Nov 2022 05:53:45 PM EST  Total:  95 of 95
CS240: . bowers79 Sun 27 Nov 2022 06:42:53 PM EST  Total:  75 of 95
CS240: . bowers79 Sun 27 Nov 2022 06:43:02 PM EST  Total:  95 of 95
CS240: . bowers79 Mon 28 Nov 2022 12:09:38 PM EST  Total:  95 of 95
CS240: . bowers79 Mon 28 Nov 2022 05:34:49 PM EST  Total:  95 of 95
CS240: . bowers79 Mon 28 Nov 2022 05:39:59 PM EST  Total:  100 of 125
CS240: . bowers79 Tue 29 Nov 2022 03:15:57 PM EST  Total:  95 of 95
CS240: . bowers79 Wed 30 Nov 2022 06:47:58 PM EST  Total:  105 of 125
CS240: . bowers79 Wed 30 Nov 2022 06:48:19 PM EST  Total:  105 of 125
CS240: . bowers79 Wed 30 Nov 2022 06:53:49 PM EST  Total:  95 of 95
CS240: . bowers79 Wed 30 Nov 2022 06:53:52 PM EST  Total:  105 of 125
CS240: . bowers79 Wed 30 Nov 2022 06:55:56 PM EST  Total:  105 of 125
CS240: . bowers79 Wed 30 Nov 2022 07:21:09 PM EST  Total:  105 of 125
CS240: . bowers79 Wed 30 Nov 2022 07:27:43 PM EST  Total:  115 of 125
CS240: . bowers79 Wed 30 Nov 2022 07:51:45 PM EST  Total:  125 of 125
CS240: . bowers79 Wed 30 Nov 2022 08:55:19 PM EST  Total:  95 of 95
CS240: . bowers79 Wed 30 Nov 2022 08:55:23 PM EST  Total:  125 of 125
CS240: . bowers79 Wed 30 Nov 2022 10:37:59 PM EST  Total:  125 of 125
CS240: . bowers79 Thu 01 Dec 2022 11:27:00 AM EST  Total:  95 of 95
CS240: . bowers79 Thu 01 Dec 2022 11:28:15 AM EST  Total:  125 of 125
